<?xml version="1.0" encoding="UTF-8"?>
<!-- Generated by org.testng.reporters.JUnitXMLReporter -->
<testsuite ignored="0" hostname="Jo-Sabet" failures="0" tests="8" name="Default test" time="33.115" errors="0" timestamp="2025-09-02T12:46:29 EEST">
  <testcase classname="tests.SearchTest" name="testAutocompleteSuggestions" time="3.325"/>
  <testcase classname="tests.SearchTest" name="testPlaceholderText" time="0.02"/>
  <testcase classname="tests.SearchTest" name="testSearch" time="1.167"/>
  <testcase classname="tests.SearchTest" name="testSearch" time="1.048"/>
  <testcase classname="tests.SearchTest" name="testSearch" time="1.341"/>
  <testcase classname="tests.SearchTest" name="testSearch" time="0.415"/>
  <testcase classname="tests.SearchTest" name="testSearch" time="0.992"/>
  <testcase classname="tests.SearchTest" name="testSearchBoxVisible" time="0.039"/>
</testsuite> <!-- Default test -->
