<?xml version="1.0" encoding="UTF-8"?>
<!-- Generated by org.testng.reporters.JUnitXMLReporter -->
<testsuite ignored="0" hostname="Jo-Sabet" failures="0" tests="12" name="Default test" time="32.165" errors="0" timestamp="2025-09-04T10:49:13 EEST">
  <testcase classname="tests.LoginTest" name="openLoginPage" time="0.48"/>
  <testcase classname="tests.LoginTest" name="inValidLogin" time="2.514"/>
  <testcase classname="tests.LoginTest" name="inValidLogin" time="2.168"/>
  <testcase classname="tests.LoginTest" name="inValidLogin" time="2.194"/>
  <testcase classname="tests.LoginTest" name="clickEyeIcon" time="2.05"/>
  <testcase classname="tests.LoginTest" name="clickRegister" time="2.732"/>
  <testcase classname="tests.LoginTest" name="validLogin" time="2.909"/>
  <testcase classname="tests.LoginTest" name="accessToMyAccount" time="2.024"/>
  <testcase classname="tests.LoginTest" name="logout" time="2.644"/>
  <testcase classname="tests.LoginTest" name="testRememberMeButton" time="4.289"/>
  <testcase classname="tests.LoginTest" name="testForgotPasswordButton" time="2.693"/>
  <testcase classname="tests.LoginTest" name="sendUnregisterdEmail" time="2.187"/>
</testsuite> <!-- Default test -->
