<?xml version="1.0" encoding="UTF-8"?>
<testng-results ignored="0" total="7" passed="6" failed="1" skipped="0">
  <reporter-output>
  </reporter-output>
  <suite started-at="2025-09-04T23:05:06 EEST" name="Default suite" finished-at="2025-09-04T23:06:26 EEST" duration-ms="79339">
    <groups>
    </groups>
    <test started-at="2025-09-04T23:05:06 EEST" name="Default test" finished-at="2025-09-04T23:06:26 EEST" duration-ms="79339">
      <class name="tests.ShoppingCartPageTest">
        <test-method is-config="true" signature="setUp()[pri:0, instance:tests.ShoppingCartPageTest@1c1bbc4e]" started-at="2025-09-04T23:05:06 EEST" name="setUp" finished-at="2025-09-04T23:05:08 EEST" duration-ms="1665" status="PASS">
          <reporter-output>
          </reporter-output>
        </test-method> <!-- setUp -->
        <test-method is-config="true" signature="setUpPages()[pri:0, instance:tests.ShoppingCartPageTest@1c1bbc4e]" started-at="2025-09-04T23:05:08 EEST" name="setUpPages" finished-at="2025-09-04T23:05:08 EEST" duration-ms="2" status="PASS">
          <reporter-output>
          </reporter-output>
        </test-method> <!-- setUpPages -->
        <test-method signature="addToShCart_HomePage()[pri:1, instance:tests.ShoppingCartPageTest@1c1bbc4e]" started-at="2025-09-04T23:05:08 EEST" name="addToShCart_HomePage" finished-at="2025-09-04T23:05:12 EEST" duration-ms="3465" status="FAIL">
          <exception class="org.openqa.selenium.NoSuchElementException">
            <message>
              <![CDATA[no such element: Unable to locate element: {"method":"tag name","selector":"tr"}
  (Session info: chrome=139.0.7258.155)
For documentation on this error, please visit: https://www.selenium.dev/documentation/webdriver/troubleshooting/errors#no-such-element-exception
Build info: version: '4.34.0', revision: '707dcb4246*'
System info: os.name: 'Windows 11', os.arch: 'amd64', os.version: '10.0', java.version: '21.0.7'
Driver info: org.openqa.selenium.chrome.ChromeDriver
Command: [08e6223240ad3476ff348dfaa9368f65, findElement {using=tag name, value=tr}]
Capabilities {acceptInsecureCerts: false, browserName: chrome, browserVersion: 139.0.7258.155, chrome: {chromedriverVersion: 139.0.7258.154 (9e0d6b2b47f..., userDataDir: C:\Users\sbty0\AppData\Loca...}, fedcm:accounts: true, goog:chromeOptions: {debuggerAddress: localhost:63097}, networkConnectionEnabled: false, pageLoadStrategy: normal, platformName: windows, proxy: Proxy(), se:cdp: ws://localhost:63097/devtoo..., se:cdpVersion: 139.0.7258.155, setWindowRect: true, strictFileInteractability: false, timeouts: {implicit: 0, pageLoad: 300000, script: 30000}, unhandledPromptBehavior: dismiss and notify, webauthn:extension:credBlob: true, webauthn:extension:largeBlob: true, webauthn:extension:minPinLength: true, webauthn:extension:prf: true, webauthn:virtualAuthenticators: true}
Session ID: 08e6223240ad3476ff348dfaa9368f65]]>
            </message>
            <full-stacktrace>
              <![CDATA[org.openqa.selenium.NoSuchElementException: no such element: Unable to locate element: {"method":"tag name","selector":"tr"}
  (Session info: chrome=139.0.7258.155)
For documentation on this error, please visit: https://www.selenium.dev/documentation/webdriver/troubleshooting/errors#no-such-element-exception
Build info: version: '4.34.0', revision: '707dcb4246*'
System info: os.name: 'Windows 11', os.arch: 'amd64', os.version: '10.0', java.version: '21.0.7'
Driver info: org.openqa.selenium.chrome.ChromeDriver
Command: [08e6223240ad3476ff348dfaa9368f65, findElement {using=tag name, value=tr}]
Capabilities {acceptInsecureCerts: false, browserName: chrome, browserVersion: 139.0.7258.155, chrome: {chromedriverVersion: 139.0.7258.154 (9e0d6b2b47f..., userDataDir: C:\Users\sbty0\AppData\Loca...}, fedcm:accounts: true, goog:chromeOptions: {debuggerAddress: localhost:63097}, networkConnectionEnabled: false, pageLoadStrategy: normal, platformName: windows, proxy: Proxy(), se:cdp: ws://localhost:63097/devtoo..., se:cdpVersion: 139.0.7258.155, setWindowRect: true, strictFileInteractability: false, timeouts: {implicit: 0, pageLoad: 300000, script: 30000}, unhandledPromptBehavior: dismiss and notify, webauthn:extension:credBlob: true, webauthn:extension:largeBlob: true, webauthn:extension:minPinLength: true, webauthn:extension:prf: true, webauthn:virtualAuthenticators: true}
Session ID: 08e6223240ad3476ff348dfaa9368f65
at java.base/jdk.internal.reflect.DirectConstructorHandleAccessor.newInstance(DirectConstructorHandleAccessor.java:62)
at java.base/java.lang.reflect.Constructor.newInstanceWithCaller(Constructor.java:502)
at java.base/java.lang.reflect.Constructor.newInstance(Constructor.java:486)
at org.openqa.selenium.remote.ErrorCodec.decode(ErrorCodec.java:167)
at org.openqa.selenium.remote.codec.w3c.W3CHttpResponseCodec.decode(W3CHttpResponseCodec.java:138)
at org.openqa.selenium.remote.codec.w3c.W3CHttpResponseCodec.decode(W3CHttpResponseCodec.java:50)
at org.openqa.selenium.remote.HttpCommandExecutor.execute(HttpCommandExecutor.java:215)
at org.openqa.selenium.remote.service.DriverCommandExecutor.invokeExecute(DriverCommandExecutor.java:216)
at org.openqa.selenium.remote.service.DriverCommandExecutor.execute(DriverCommandExecutor.java:174)
at org.openqa.selenium.remote.RemoteWebDriver.execute(RemoteWebDriver.java:544)
at org.openqa.selenium.remote.ElementLocation$ElementFinder$2.findElement(ElementLocation.java:165)
at org.openqa.selenium.remote.ElementLocation.findElement(ElementLocation.java:59)
at org.openqa.selenium.remote.RemoteWebDriver.findElement(RemoteWebDriver.java:367)
at org.openqa.selenium.remote.RemoteWebDriver.findElement(RemoteWebDriver.java:361)
at pages.ShoppingCartPage.clickOnItem_HomePage(ShoppingCartPage.java:73)
at tests.ShoppingCartPageTest.addToShCart_HomePage(ShoppingCartPageTest.java:22)
at java.base/jdk.internal.reflect.DirectMethodHandleAccessor.invoke(DirectMethodHandleAccessor.java:103)
at java.base/java.lang.reflect.Method.invoke(Method.java:580)
at org.testng.internal.invokers.MethodInvocationHelper.invokeMethod(MethodInvocationHelper.java:141)
at org.testng.internal.invokers.TestInvoker.invokeMethod(TestInvoker.java:686)
at org.testng.internal.invokers.TestInvoker.invokeTestMethod(TestInvoker.java:230)
at org.testng.internal.invokers.MethodRunner.runInSequence(MethodRunner.java:63)
at org.testng.internal.invokers.TestInvoker$MethodInvocationAgent.invoke(TestInvoker.java:992)
at org.testng.internal.invokers.TestInvoker.invokeTestMethods(TestInvoker.java:203)
at org.testng.internal.invokers.TestMethodWorker.invokeTestMethods(TestMethodWorker.java:154)
at org.testng.internal.invokers.TestMethodWorker.run(TestMethodWorker.java:134)
at java.base/java.util.ArrayList.forEach(ArrayList.java:1596)
at org.testng.TestRunner.privateRun(TestRunner.java:739)
at org.testng.TestRunner.run(TestRunner.java:614)
at org.testng.SuiteRunner.runTest(SuiteRunner.java:421)
at org.testng.SuiteRunner.runSequentially(SuiteRunner.java:413)
at org.testng.SuiteRunner.privateRun(SuiteRunner.java:373)
at org.testng.SuiteRunner.run(SuiteRunner.java:312)
at org.testng.SuiteRunnerWorker.runSuite(SuiteRunnerWorker.java:52)
at org.testng.SuiteRunnerWorker.run(SuiteRunnerWorker.java:95)
at org.testng.TestNG.runSuitesSequentially(TestNG.java:1274)
at org.testng.TestNG.runSuitesLocally(TestNG.java:1208)
at org.testng.TestNG.runSuites(TestNG.java:1112)
at org.testng.TestNG.run(TestNG.java:1079)
at org.testng.remote.AbstractRemoteTestNG.run(AbstractRemoteTestNG.java:115)
at org.testng.remote.RemoteTestNG.initAndRun(RemoteTestNG.java:293)
at org.testng.remote.RemoteTestNG.main(RemoteTestNG.java:91)
]]>
            </full-stacktrace>
          </exception> <!-- org.openqa.selenium.NoSuchElementException -->
          <reporter-output>
          </reporter-output>
        </test-method> <!-- addToShCart_HomePage -->
        <test-method signature="addToShCart_DesktopPage()[pri:2, instance:tests.ShoppingCartPageTest@1c1bbc4e]" started-at="2025-09-04T23:05:12 EEST" name="addToShCart_DesktopPage" finished-at="2025-09-04T23:05:20 EEST" duration-ms="8073" status="PASS">
          <reporter-output>
          </reporter-output>
        </test-method> <!-- addToShCart_DesktopPage -->
        <test-method is-config="true" signature="setUpPages()[pri:0, instance:tests.ShoppingCartPageTest@1c1bbc4e]" started-at="2025-09-04T23:05:12 EEST" name="setUpPages" finished-at="2025-09-04T23:05:12 EEST" duration-ms="0" status="PASS">
          <reporter-output>
          </reporter-output>
        </test-method> <!-- setUpPages -->
        <test-method is-config="true" signature="setUpPages()[pri:0, instance:tests.ShoppingCartPageTest@1c1bbc4e]" started-at="2025-09-04T23:05:20 EEST" name="setUpPages" finished-at="2025-09-04T23:05:20 EEST" duration-ms="1" status="PASS">
          <reporter-output>
          </reporter-output>
        </test-method> <!-- setUpPages -->
        <test-method signature="addToShCart_WishListPage()[pri:3, instance:tests.ShoppingCartPageTest@1c1bbc4e]" started-at="2025-09-04T23:05:20 EEST" name="addToShCart_WishListPage" finished-at="2025-09-04T23:05:36 EEST" duration-ms="16307" status="PASS">
          <reporter-output>
          </reporter-output>
        </test-method> <!-- addToShCart_WishListPage -->
        <test-method is-config="true" signature="setUpPages()[pri:0, instance:tests.ShoppingCartPageTest@1c1bbc4e]" started-at="2025-09-04T23:05:36 EEST" name="setUpPages" finished-at="2025-09-04T23:05:36 EEST" duration-ms="0" status="PASS">
          <reporter-output>
          </reporter-output>
        </test-method> <!-- setUpPages -->
        <test-method signature="openItemPage()[pri:4, instance:tests.ShoppingCartPageTest@1c1bbc4e]" started-at="2025-09-04T23:05:36 EEST" name="openItemPage" finished-at="2025-09-04T23:05:43 EEST" duration-ms="7531" status="PASS">
          <reporter-output>
          </reporter-output>
        </test-method> <!-- openItemPage -->
        <test-method signature="increseOrDecreaseItem()[pri:5, instance:tests.ShoppingCartPageTest@1c1bbc4e]" started-at="2025-09-04T23:05:43 EEST" name="increseOrDecreaseItem" finished-at="2025-09-04T23:05:50 EEST" duration-ms="6083" status="PASS">
          <reporter-output>
          </reporter-output>
        </test-method> <!-- increseOrDecreaseItem -->
        <test-method is-config="true" signature="setUpPages()[pri:0, instance:tests.ShoppingCartPageTest@1c1bbc4e]" started-at="2025-09-04T23:05:43 EEST" name="setUpPages" finished-at="2025-09-04T23:05:43 EEST" duration-ms="0" status="PASS">
          <reporter-output>
          </reporter-output>
        </test-method> <!-- setUpPages -->
        <test-method is-config="true" signature="setUpPages()[pri:0, instance:tests.ShoppingCartPageTest@1c1bbc4e]" started-at="2025-09-04T23:05:50 EEST" name="setUpPages" finished-at="2025-09-04T23:05:50 EEST" duration-ms="3" status="PASS">
          <reporter-output>
          </reporter-output>
        </test-method> <!-- setUpPages -->
        <test-method signature="checkoutAsGuest()[pri:6, instance:tests.ShoppingCartPageTest@1c1bbc4e]" started-at="2025-09-04T23:05:50 EEST" name="checkoutAsGuest" finished-at="2025-09-04T23:06:03 EEST" duration-ms="13812" status="PASS">
          <reporter-output>
          </reporter-output>
        </test-method> <!-- checkoutAsGuest -->
        <test-method is-config="true" signature="setUpPages()[pri:0, instance:tests.ShoppingCartPageTest@1c1bbc4e]" started-at="2025-09-04T23:06:03 EEST" name="setUpPages" finished-at="2025-09-04T23:06:03 EEST" duration-ms="2" status="PASS">
          <reporter-output>
          </reporter-output>
        </test-method> <!-- setUpPages -->
        <test-method signature="checkoutAsUser()[pri:7, instance:tests.ShoppingCartPageTest@1c1bbc4e]" started-at="2025-09-04T23:06:03 EEST" name="checkoutAsUser" finished-at="2025-09-04T23:06:25 EEST" duration-ms="22026" status="PASS">
          <reporter-output>
          </reporter-output>
        </test-method> <!-- checkoutAsUser -->
        <test-method is-config="true" signature="tearDown()[pri:0, instance:tests.ShoppingCartPageTest@1c1bbc4e]" started-at="2025-09-04T23:06:25 EEST" name="tearDown" finished-at="2025-09-04T23:06:26 EEST" duration-ms="312" status="PASS">
          <reporter-output>
          </reporter-output>
        </test-method> <!-- tearDown -->
      </class> <!-- tests.ShoppingCartPageTest -->
    </test> <!-- Default test -->
  </suite> <!-- Default suite -->
</testng-results>
